============================================================
  Full Simulation with SD: 40 jobs
  Wed Apr 15 06:45:36 AM UTC 2026
  Strategy: 8 parallel × 8 Julia threads
============================================================
[06:45:36] Launching job 1/40
[06:45:36] Launching job 2/40
[06:45:36] Launching job 3/40
[06:45:36] Launching job 4/40
[06:45:36] Launching job 5/40
[06:45:36] Launching job 6/40
[06:45:36] Launching job 7/40
[06:45:36] Launching job 8/40
[06:55:47] Job 7 COMPLETED
[06:55:47] Launching job 9/40
[06:55:51] Job 3 COMPLETED
[06:55:51] Launching job 10/40
[06:55:53] Job 4 COMPLETED
[06:55:53] Launching job 11/40
[06:55:55] Job 1 COMPLETED
[06:55:55] Launching job 12/40
[06:55:55] Job 2 COMPLETED
[06:55:55] Launching job 13/40
[06:55:55] Job 5 COMPLETED
[06:55:55] Launching job 14/40
[06:55:57] Job 6 COMPLETED
[06:55:57] Launching job 15/40
[06:56:01] Job 8 COMPLETED
[06:56:01] Launching job 16/40
[07:06:48] Job 9 COMPLETED
[07:06:48] Launching job 17/40
[07:06:58] Job 10 COMPLETED
[07:06:58] Launching job 18/40
[07:07:10] Job 11 COMPLETED
[07:07:10] Launching job 19/40
[07:07:12] Job 13 COMPLETED
[07:07:12] Launching job 20/40
[07:07:20] Job 14 COMPLETED
[07:07:20] Launching job 21/40
[07:07:22] Job 12 COMPLETED
[07:07:22] Launching job 22/40
[07:07:28] Job 16 COMPLETED
[07:07:28] Launching job 23/40
[07:07:32] Job 15 COMPLETED
[07:07:32] Launching job 24/40
[07:18:11] Job 17 COMPLETED
[07:18:11] Launching job 25/40
[07:18:23] Job 18 COMPLETED
[07:18:23] Launching job 26/40
[07:18:35] Job 19 COMPLETED
[07:18:35] Launching job 27/40
[07:18:43] Job 20 COMPLETED
[07:18:43] Launching job 28/40
[07:18:53] Job 21 COMPLETED
[07:18:53] Launching job 29/40
[07:18:57] Job 22 COMPLETED
[07:18:57] Launching job 30/40
[07:18:57] Job 23 COMPLETED
[07:18:57] Launching job 31/40
[07:19:01] Job 24 COMPLETED
[07:19:01] Launching job 32/40
[07:42:56] Job 25 COMPLETED
[07:42:56] Launching job 33/40
[07:43:02] Job 26 COMPLETED
[07:43:02] Launching job 34/40
[07:43:26] Job 28 COMPLETED
[07:43:26] Launching job 35/40
[07:43:26] Job 29 COMPLETED
[07:43:26] Launching job 36/40
[07:43:30] Job 27 COMPLETED
[07:43:30] Launching job 37/40
[07:43:46] Job 30 COMPLETED
[07:43:46] Launching job 38/40
[07:44:18] Job 31 COMPLETED
[07:44:18] Launching job 39/40
[07:44:29] Job 32 COMPLETED
[07:44:29] Launching job 40/40

All jobs launched. Waiting for remaining 8...
