
Attaching package: ‘dplyr’

The following objects are masked from ‘package:stats’:

    filter, lag

The following objects are masked from ‘package:base’:

    intersect, setdiff, setequal, union


Attaching package: ‘grpreg’

The following object is masked from ‘package:dplyr’:

    select

Type 'citation("pROC")' for a citation.

Attaching package: ‘pROC’

The following objects are masked from ‘package:stats’:

    cov, smooth, var

Loading required package: Matrix
Loaded glmnet 4.1-10
Data: n=1138, K=107, mal=44.6%

=== 10-Fold CV v2 (n=1138, K=107, 20 cores) ===
Inner CV: 5-fold for all methods
PRIMED lambda: data-driven log-spaced 100 values
CD GL / C LASSO: package default lambda path

--- Fold 1/10 ---
  PRIMED: [lambda: 0.3310 to 0.0003, 100 values] best=60/100 (0.0054) AUC=0.844, sel=72 (1509s)
  CD GL:  AUC=0.857, sel=30
  C LAS:  AUC=0.839, sel=34

--- Fold 2/10 ---
  PRIMED: [lambda: 0.3308 to 0.0003, 100 values] best=57/100 (0.0066) AUC=0.864, sel=64 (1404s)
  CD GL:  AUC=0.867, sel=25
  C LAS:  AUC=0.856, sel=23

--- Fold 3/10 ---
  PRIMED: [lambda: 0.3271 to 0.0003, 100 values] best=53/100 (0.0087) AUC=0.902, sel=58 (1394s)
  CD GL:  AUC=0.900, sel=32
  C LAS:  AUC=0.881, sel=19

--- Fold 4/10 ---
  PRIMED: [lambda: 0.3244 to 0.0003, 100 values] best=56/100 (0.0070) AUC=0.900, sel=62 (1391s)
  CD GL:  AUC=0.895, sel=26
  C LAS:  AUC=0.920, sel=24

--- Fold 5/10 ---
  PRIMED: [lambda: 0.3234 to 0.0003, 100 values] best=58/100 (0.0061) AUC=0.938, sel=68 (1390s)
  CD GL:  AUC=0.936, sel=29
  C LAS:  AUC=0.930, sel=20

--- Fold 6/10 ---
  PRIMED: [lambda: 0.3225 to 0.0003, 100 values] best=55/100 (0.0075) AUC=0.935, sel=59 (1387s)
  CD GL:  AUC=0.941, sel=33
  C LAS:  AUC=0.918, sel=21

--- Fold 7/10 ---
  PRIMED: [lambda: 0.3231 to 0.0003, 100 values] best=57/100 (0.0065) AUC=0.925, sel=67 (1386s)
  CD GL:  AUC=0.926, sel=31
  C LAS:  AUC=0.920, sel=23

--- Fold 8/10 ---
  PRIMED: [lambda: 0.3230 to 0.0003, 100 values] best=54/100 (0.0080) AUC=0.878, sel=58 (1408s)
  CD GL:  AUC=0.883, sel=33
  C LAS:  AUC=0.891, sel=26

--- Fold 9/10 ---
  PRIMED: [lambda: 0.3258 to 0.0003, 100 values] best=60/100 (0.0053) AUC=0.946, sel=74 (1423s)
  CD GL:  AUC=0.956, sel=34
  C LAS:  AUC=0.946, sel=20

--- Fold 10/10 ---
  PRIMED: [lambda: 0.3298 to 0.0003, 100 values] best=59/100 (0.0058) AUC=0.873, sel=74 (1316s)
  CD GL:  AUC=0.886, sel=34
  C LAS:  AUC=0.881, sel=22


 ============================================================ 
  10-Fold CV Results (v2: unified tuning)
============================================================ 

Per-fold:
 fold primed_auc  cdgl_auc classo_auc primed_nsel cdgl_nsel classo_nsel
    1  0.8437500 0.8569240  0.8385417          72        30          34
    2  0.8636788 0.8671024  0.8555867          64        25          23
    3  0.9016495 0.9004046  0.8807968          58        32          19
    4  0.8997821 0.8948024  0.9203237          62        26          24
    5  0.9377529 0.9361967  0.9296608          68        29          20
    6  0.9352630 0.9414877  0.9178338          59        33          21
    7  0.9246810 0.9262372  0.9197012          67        31          23
    8  0.8780952 0.8825397  0.8907937          58        33          26
    9  0.9460317 0.9555556  0.9463492          74        34          20
   10  0.8730159 0.8860317  0.8812698          74        34          22
 primed_lambda primed_lambda_idx
   0.005393924                60
   0.006647399                57
   0.008689261                53
   0.006989907                56
   0.006060371                58
   0.007451101                55
   0.006492559                57
   0.007999787                54
   0.005309312                60
   0.005763834                59


Mean AUC (SD):
  PRIMED:  0.900 (0.035)
  CD GL:   0.905 (0.033)
  C LASSO: 0.898 (0.034)

Mean # selected (SD):
  PRIMED:  65.6 (6.4)
  CD GL:   30.7 (3.2)
  C LASSO: 23.2 (4.3)

PRIMED lambda: mean=0.0067 (0.0011), mean idx=56.9/100

Paired t-test (AUC):
  PRIMED vs CD GL:    diff=-0.0044, p=0.0531
  PRIMED vs C LASSO:  diff=0.0023, p=0.5920
  CD GL vs C LASSO:   diff=0.0066, p=0.1807


Features selected in >= 5/10 folds:
 idx                                            feature primed cdgl classo
   1                          original_shape_Elongation     10   10     10
  12                         original_shape_SurfaceArea     10   10      0
  13                  original_shape_SurfaceVolumeRatio     10   10      0
  16                   original_firstorder_90Percentile     10   10      9
  24                         original_firstorder_Median     10   10      0
  29                       original_firstorder_Skewness     10   10      0
  52                                  original_glcm_MCC     10   10      9
  62                    original_gldm_GrayLevelVariance     10   10      0
  82                       original_glrlm_RunPercentage     10   10      0
  38                          original_glcm_Correlation     10    9      9
  73                   original_glrlm_GrayLevelVariance     10    9      0
  78             original_glrlm_LowGrayLevelRunEmphasis     10    9      0
  66  original_gldm_LargeDependenceLowGrayLevelEmphasis     10    8      9
  87              original_glszm_GrayLevelNonUniformity     10    8      0
 100                         original_glszm_ZoneEntropy     10    8      0
  56                           original_glcm_SumSquares     10    7      0
  23                           original_firstorder_Mean     10    4      6
  26                          original_firstorder_Range     10    3      1
  60                   original_gldm_DependenceVariance     10    3      2
  67                 original_gldm_LowGrayLevelEmphasis     10    3      6
   3                     original_shape_LeastAxisLength     10    2      0
  47                                 original_glcm_Imc2     10    2     10
  48                      original_glcm_InverseVariance     10    2      0
  57                    original_gldm_DependenceEntropy     10    2      8
  36                      original_glcm_ClusterTendency     10    1      9
   7              original_shape_Maximum2DDiameterSlice     10    0     10
   8                   original_shape_Maximum3DDiameter     10    0      0
  10                     original_shape_MinorAxisLength     10    0      0
  11                          original_shape_Sphericity     10    0     10
  15                   original_firstorder_10Percentile     10    0      4
  21                        original_firstorder_Maximum     10    0      0
  25                        original_firstorder_Minimum     10    0     10
  27    original_firstorder_RobustMeanAbsoluteDeviation     10    0      1
  28                original_firstorder_RootMeanSquared     10    0     10
  32                       original_firstorder_Variance     10    0      0
  34                    original_glcm_ClusterProminence     10    0      6
  45                                  original_glcm_Idn     10    0      1
  46                                 original_glcm_Imc1     10    0      1
  51                         original_glcm_JointEntropy     10    0      7
  77         original_glrlm_LongRunLowGrayLevelEmphasis     10    0      1
  86        original_glrlm_ShortRunLowGrayLevelEmphasis     10    0      0
  94            original_glszm_LowGrayLevelZoneEmphasis     10    0      1
  96     original_glszm_SizeZoneNonUniformityNormalized     10    0      3
  97                   original_glszm_SmallAreaEmphasis     10    0      7
 104                          original_ngtdm_Coarseness     10    0      8
 107                            original_ngtdm_Strength     10    0      3
   4                     original_shape_MajorAxisLength      9   10      1
  88    original_glszm_GrayLevelNonUniformityNormalized      9    8      0
   2                            original_shape_Flatness      9    3      3
  69 original_gldm_SmallDependenceHighGrayLevelEmphasis      9    0      1
  81    original_glrlm_RunLengthNonUniformityNormalized      9    0      0
  84                    original_glrlm_ShortRunEmphasis      9    0      0
  93       original_glszm_LargeAreaLowGrayLevelEmphasis      9    0     10
  79                          original_glrlm_RunEntropy      8   10      0
  95               original_glszm_SizeZoneNonUniformity      8    1      0
  19             original_firstorder_InterquartileRange      8    0      0
 103                            original_ngtdm_Busyness      8    0      2
  39                    original_glcm_DifferenceAverage      7    0      0
  40                    original_glcm_DifferenceEntropy      7    0      5
  44                                 original_glcm_Idmn      7    0      0
  64              original_gldm_LargeDependenceEmphasis      7    0      0
  99       original_glszm_SmallAreaLowGrayLevelEmphasis      7    0      1
  43                                  original_glcm_Idm      6   10      0
  22          original_firstorder_MeanAbsoluteDeviation      6    0      0
  72    original_glrlm_GrayLevelNonUniformityNormalized      5    0      6
   5             original_shape_Maximum2DDiameterColumn      4    5      0
   6                original_shape_Maximum2DDiameterRow      3   10      1
  14                         original_shape_VoxelVolume      3   10      0
  20                       original_firstorder_Kurtosis      3    0      5
  18                        original_firstorder_Entropy      2    7      0
  33                      original_glcm_Autocorrelation      2    0      9
 102                        original_glszm_ZoneVariance      1   10      2
  65 original_gldm_LargeDependenceHighGrayLevelEmphasis      1    7      1
  68              original_gldm_SmallDependenceEmphasis      0   10      1
  17                         original_firstorder_Energy      0    9      2
 105                          original_ngtdm_Complexity      0    8      0
  55                           original_glcm_SumEntropy      0    6      0

Saved: cv10v2_*.csv/rds


Jaccard Stability:
  PRIMED: Jaccard = 0.798 (0.053)
  CD GL: Jaccard = 0.688 (0.053)
  C LASSO: Jaccard = 0.560 (0.126)
